[16Mar2025 00:00:23.149] [Server thread/WARN] [net.minecraft.server.MinecraftServer/]: Can't keep up! Is the server overloaded? Running 2053ms or 41 ticks behind
[16Mar2025 00:01:45.564] [Server thread/INFO] [net.minecraft.server.MinecraftServer/]: danking has completed the challenge [Hot Tourist Destinations]
[16Mar2025 00:03:03.373] [Server thread/WARN] [net.minecraft.server.level.ServerPlayerGameMode/]: Mismatch in destroy block pos: BlockPos{x=-241, y=104, z=-1041} BlockPos{x=-242, y=103, z=-1038}
[16Mar2025 00:03:03.421] [Server thread/WARN] [net.minecraft.server.level.ServerPlayerGameMode/]: Mismatch in destroy block pos: BlockPos{x=-241, y=104, z=-1041} BlockPos{x=-242, y=103, z=-1038}
[16Mar2025 00:03:03.472] [Server thread/WARN] [net.minecraft.server.level.ServerPlayerGameMode/]: Mismatch in destroy block pos: BlockPos{x=-241, y=104, z=-1041} BlockPos{x=-242, y=103, z=-1038}
[16Mar2025 00:03:03.522] [Server thread/WARN] [net.minecraft.server.level.ServerPlayerGameMode/]: Mismatch in destroy block pos: BlockPos{x=-241, y=104, z=-1041} BlockPos{x=-242, y=103, z=-1038}
[16Mar2025 00:03:03.573] [Server thread/WARN] [net.minecraft.server.level.ServerPlayerGameMode/]: Mismatch in destroy block pos: BlockPos{x=-241, y=104, z=-1041} BlockPos{x=-242, y=103, z=-1038}
[16Mar2025 00:03:03.622] [Server thread/WARN] [net.minecraft.server.level.ServerPlayerGameMode/]: Mismatch in destroy block pos: BlockPos{x=-241, y=104, z=-1041} BlockPos{x=-242, y=103, z=-1038}
[16Mar2025 00:03:03.673] [Server thread/WARN] [net.minecraft.server.level.ServerPlayerGameMode/]: Mismatch in destroy block pos: BlockPos{x=-241, y=104, z=-1041} BlockPos{x=-242, y=103, z=-1038}
[16Mar2025 00:03:03.735] [Server thread/WARN] [net.minecraft.server.level.ServerPlayerGameMode/]: Mismatch in destroy block pos: BlockPos{x=-241, y=104, z=-1041} BlockPos{x=-242, y=103, z=-1038}
[16Mar2025 00:05:00.969] [Server thread/WARN] [net.minecraft.server.level.ServerPlayerGameMode/]: Mismatch in destroy block pos: BlockPos{x=192, y=87, z=-1198} BlockPos{x=197, y=86, z=-1199}
[16Mar2025 00:06:01.522] [Server thread/WARN] [net.minecraft.server.MinecraftServer/]: Can't keep up! Is the server overloaded? Running 3526ms or 70 ticks behind
[16Mar2025 00:06:46.300] [Server thread/INFO] [net.minecraft.server.commands.LocateCommand/]: Locating element minecraft:fortress took 7 ms
[16Mar2025 00:06:50.232] [Server thread/INFO] [net.minecraft.server.MinecraftServer/]: [IngCuantico: Teleported IngCuantico to -431.500000, 34.000000, -543.500000]
[16Mar2025 00:07:04.189] [Server thread/INFO] [net.minecraft.server.MinecraftServer/]: [danking: Teleported danking to IngCuantico]
[16Mar2025 00:07:24.676] [Server thread/WARN] [net.minecraft.server.MinecraftServer/]: Can't keep up! Is the server overloaded? Running 4579ms or 91 ticks behind
[16Mar2025 00:07:24.700] [Server thread/WARN] [net.minecraft.server.network.ServerGamePacketListenerImpl/]: danking moved too quickly! 10.395498526953475,0.0,-0.04691426038351665
[16Mar2025 00:09:06.214] [Server thread/INFO] [net.minecraft.server.MinecraftServer/]: [IngCuantico: Teleported IngCuantico to danking]
[16Mar2025 00:10:03.517] [Server thread/INFO] [net.minecraft.server.MinecraftServer/]: [IngCuantico: Teleported IngCuantico to danking]
[16Mar2025 00:10:22.423] [Server thread/INFO] [net.minecraft.server.MinecraftServer/]: [IngCuantico: Teleported IngCuantico to danking]
[16Mar2025 00:11:16.039] [Server thread/WARN] [net.minecraft.server.network.ServerGamePacketListenerImpl/]: danking moved too quickly! -0.5019130438947741,0.7358406727282727,-10.129719743481132
[16Mar2025 00:11:16.118] [Server thread/WARN] [net.minecraft.server.MinecraftServer/]: Can't keep up! Is the server overloaded? Running 2871ms or 57 ticks behind
[16Mar2025 00:11:48.962] [Server thread/INFO] [net.minecraft.server.MinecraftServer/]: [IngCuantico: Teleported IngCuantico to danking]
[16Mar2025 00:11:54.242] [Server thread/INFO] [net.minecraft.server.commands.LocateCommand/]: Locating element minecraft:fortress took 0 ms
[16Mar2025 00:11:58.378] [Server thread/INFO] [net.minecraft.server.MinecraftServer/]: [IngCuantico: Teleported IngCuantico to -431.500000, 53.000000, -543.500000]
[16Mar2025 00:11:59.544] [Server thread/INFO] [net.minecraft.server.commands.LocateCommand/]: Locating element minecraft:fortress took 0 ms
[16Mar2025 00:12:10.321] [Server thread/WARN] [net.minecraft.server.level.ServerPlayerGameMode/]: Mismatch in destroy block pos: BlockPos{x=-373, y=66, z=-548} BlockPos{x=-372, y=66, z=-549}
[16Mar2025 00:12:10.360] [Server thread/WARN] [net.minecraft.server.level.ServerPlayerGameMode/]: Mismatch in destroy block pos: BlockPos{x=-373, y=66, z=-548} BlockPos{x=-372, y=66, z=-549}
[16Mar2025 00:12:10.412] [Server thread/WARN] [net.minecraft.server.level.ServerPlayerGameMode/]: Mismatch in destroy block pos: BlockPos{x=-373, y=66, z=-548} BlockPos{x=-372, y=66, z=-549}
[16Mar2025 00:12:18.465] [Server thread/INFO] [net.minecraft.server.MinecraftServer/]: [danking: Teleported danking to IngCuantico]
[16Mar2025 00:12:23.080] [Server thread/INFO] [net.minecraft.server.commands.LocateCommand/]: Locating element minecraft:fortress took 0 ms
[16Mar2025 00:12:27.975] [Server thread/INFO] [net.minecraft.server.MinecraftServer/]: [IngCuantico: Teleported IngCuantico to 48.500000, 33.223372, 608.500000]
[16Mar2025 00:12:36.438] [Server thread/INFO] [net.minecraft.server.MinecraftServer/]: [danking: Teleported danking to IngCuantico]
[16Mar2025 00:13:01.496] [Server thread/INFO] [net.minecraft.server.commands.LocateCommand/]: Locating element minecraft:fortress took 0 ms
[16Mar2025 00:13:12.678] [Server thread/INFO] [net.minecraft.server.commands.LocateCommand/]: Locating element minecraft:fortress took 0 ms
[16Mar2025 00:13:16.684] [Server thread/INFO] [net.minecraft.server.MinecraftServer/]: [IngCuantico: Teleported IngCuantico to -799.500000, 72.000000, -175.500000]
[16Mar2025 00:13:46.588] [Server thread/INFO] [net.minecraft.server.MinecraftServer/]: [danking: Teleported danking to IngCuantico]
[16Mar2025 00:14:29.369] [Server thread/WARN] [net.minecraft.server.level.ServerPlayerGameMode/]: Mismatch in destroy block pos: BlockPos{x=-885, y=67, z=-128} BlockPos{x=-885, y=65, z=-127}
[16Mar2025 00:14:32.974] [Server thread/WARN] [net.minecraft.server.network.ServerGamePacketListenerImpl/]: IngCuantico moved wrongly!
[16Mar2025 00:14:35.855] [Server thread/WARN] [net.minecraft.server.level.ServerPlayerGameMode/]: Mismatch in destroy block pos: BlockPos{x=-885, y=67, z=-132} BlockPos{x=-885, y=65, z=-132}
[16Mar2025 00:14:43.396] [Server thread/WARN] [net.minecraft.server.MinecraftServer/]: Can't keep up! Is the server overloaded? Running 4300ms or 86 ticks behind
[16Mar2025 00:15:15.839] [Server thread/WARN] [net.minecraft.server.MinecraftServer/]: Can't keep up! Is the server overloaded? Running 4143ms or 82 ticks behind
[16Mar2025 00:15:22.403] [Server thread/WARN] [net.minecraft.server.network.ServerGamePacketListenerImpl/]: danking moved too quickly! 0.020004324966635068,0.2277792520400439,-10.0336059935305
[16Mar2025 00:16:12.651] [Server thread/WARN] [net.minecraft.server.MinecraftServer/]: Can't keep up! Is the server overloaded? Running 3055ms or 61 ticks behind
[16Mar2025 00:30:33.795] [Server thread/WARN] [net.minecraft.server.level.ServerPlayerGameMode/]: Mismatch in destroy block pos: BlockPos{x=162, y=12, z=-372} BlockPos{x=163, y=11, z=-373}
[16Mar2025 00:31:18.640] [Server thread/WARN] [net.minecraft.server.network.ServerGamePacketListenerImpl/]: IngCuantico moved wrongly!
[16Mar2025 00:32:31.197] [Server thread/INFO] [net.minecraft.server.MinecraftServer/]: Stopping server
[16Mar2025 00:32:31.206] [Server thread/INFO] [net.minecraft.server.MinecraftServer/]: Saving players
[16Mar2025 00:32:31.257] [Server thread/INFO] [net.minecraft.server.MinecraftServer/]: Saving worlds
[16Mar2025 00:32:32.729] [Server thread/INFO] [net.minecraft.server.MinecraftServer/]: Saving chunks for level 'ServerLevel[world]'/minecraft:overworld
[16Mar2025 00:32:36.759] [Server thread/INFO] [net.minecraft.server.MinecraftServer/]: Saving chunks for level 'ServerLevel[world]'/minecraft:the_end
[16Mar2025 00:32:36.783] [Server thread/INFO] [net.minecraft.server.MinecraftServer/]: Saving chunks for level 'ServerLevel[world]'/minecraft:the_nether
[16Mar2025 00:32:36.817] [Server thread/INFO] [net.minecraft.server.MinecraftServer/]: ThreadedAnvilChunkStorage (world): All chunks are saved
[16Mar2025 00:32:36.817] [Server thread/INFO] [net.minecraft.server.MinecraftServer/]: ThreadedAnvilChunkStorage (DIM1): All chunks are saved
[16Mar2025 00:32:36.817] [Server thread/INFO] [net.minecraft.server.MinecraftServer/]: ThreadedAnvilChunkStorage (DIM-1): All chunks are saved
[16Mar2025 00:32:36.817] [Server thread/INFO] [net.minecraft.server.MinecraftServer/]: ThreadedAnvilChunkStorage: All dimensions are saved
[16Mar2025 00:32:37.270] [Server thread/INFO] [journeymap/]: Loading JourneyMap Forge Configs
